<?xml version="1.0" encoding="UTF-8"?>
<!-- Generated by org.testng.reporters.JUnitXMLReporter -->
<testsuite ignored="0" hostname="LAPTOP-9H2JONG2" failures="0" tests="14" name="Test" time="223.137" errors="0" timestamp="2022-10-11T21:51:35 IST">
  <testcase classname="com.simplilearn.demo.FlipkartTestChrome" name="closeLogin" time="1.18"/>
  <testcase classname="com.simplilearn.demo.FlipkartTestChrome" name="scroll" time="6.384"/>
  <testcase classname="com.simplilearn.demo.FlipkartTestChrome" name="searchProduct" time="5.466"/>
  <testcase classname="com.simplilearn.demo.FlipkartTestChrome" name="loadImage" time="13.955"/>
  <testcase classname="com.simplilearn.demo.FlipkartTestChrome" name="scrollFrequency" time="2.08"/>
  <testcase classname="com.simplilearn.demo.FlipkartTestChrome" name="downloadImages" time="0.035"/>
  <testcase classname="com.simplilearn.demo.FlipkartTestChrome" name="screenResolution" time="7.651"/>
  <testcase classname="com.simplilearn.demo.FlipkartTestEdge" name="closeLogin" time="1.169"/>
  <testcase classname="com.simplilearn.demo.FlipkartTestEdge" name="scroll" time="6.105"/>
  <testcase classname="com.simplilearn.demo.FlipkartTestEdge" name="searchProduct" time="5.499"/>
  <testcase classname="com.simplilearn.demo.FlipkartTestEdge" name="loadImage" time="15.98"/>
  <testcase classname="com.simplilearn.demo.FlipkartTestEdge" name="scrollFrequency" time="2.073"/>
  <testcase classname="com.simplilearn.demo.FlipkartTestEdge" name="downloadImages" time="0.033"/>
  <testcase classname="com.simplilearn.demo.FlipkartTestEdge" name="screenResolution" time="7.649"/>
</testsuite> <!-- Test -->
