<?xml version="1.0" encoding="UTF-8"?>
<testng-results ignored="0" total="1" passed="1" failed="0" skipped="0">
  <reporter-output>
  </reporter-output>
  <suite started-at="2022-10-03T17:07:36 IST" name="Suite" finished-at="2022-10-03T17:07:52 IST" duration-ms="15671">
    <groups>
    </groups>
    <test started-at="2022-10-03T17:07:36 IST" name="Test" finished-at="2022-10-03T17:07:52 IST" duration-ms="15671">
      <class name="com.simplilearn.test.NewTest">
        <test-method is-config="true" signature="beforeMethod()[pri:0, instance:com.simplilearn.test.NewTest@73eb439a]" started-at="2022-10-03T17:07:36 IST" name="beforeMethod" finished-at="2022-10-03T17:07:38 IST" duration-ms="2421" status="PASS">
          <reporter-output>
          </reporter-output>
        </test-method> <!-- beforeMethod -->
        <test-method signature="oracle()[pri:0, instance:com.simplilearn.test.NewTest@73eb439a]" started-at="2022-10-03T17:07:38 IST" name="oracle" finished-at="2022-10-03T17:07:52 IST" duration-ms="13218" status="PASS">
          <reporter-output>
          </reporter-output>
        </test-method> <!-- oracle -->
        <test-method is-config="true" signature="afterMethod()[pri:0, instance:com.simplilearn.test.NewTest@73eb439a]" started-at="2022-10-03T17:07:52 IST" name="afterMethod" finished-at="2022-10-03T17:07:52 IST" duration-ms="0" status="PASS">
          <reporter-output>
          </reporter-output>
        </test-method> <!-- afterMethod -->
      </class> <!-- com.simplilearn.test.NewTest -->
    </test> <!-- Test -->
  </suite> <!-- Suite -->
</testng-results>
