<?xml version="1.0" encoding="UTF-8"?>
<!-- Generated by org.testng.reporters.JUnitXMLReporter -->
<testsuite ignored="0" hostname="LAPTOP-9H2JONG2" failures="0" tests="7" name="Default test" time="78.555" errors="0" timestamp="2022-10-11T12:27:36 IST">
  <testcase classname="com.simplilearn.demo.FlipkartTestEdge" name="closeLogin" time="1.162"/>
  <testcase classname="com.simplilearn.demo.FlipkartTestEdge" name="scroll" time="6.106"/>
  <testcase classname="com.simplilearn.demo.FlipkartTestEdge" name="searchProduct" time="5.506"/>
  <testcase classname="com.simplilearn.demo.FlipkartTestEdge" name="loadImage" time="18.509"/>
  <testcase classname="com.simplilearn.demo.FlipkartTestEdge" name="scrollFrequency" time="2.096"/>
  <testcase classname="com.simplilearn.demo.FlipkartTestEdge" name="downloadImages" time="0.054"/>
  <testcase classname="com.simplilearn.demo.FlipkartTestEdge" name="screenResolution" time="7.654"/>
</testsuite> <!-- Default test -->
