<?xml version="1.0" encoding="UTF-8"?>
<testng-results skipped="0" failed="0" ignored="0" total="1" passed="1">
  <reporter-output>
  </reporter-output>
  <suite name="com.simplilearn.test.NewTest" duration-ms="16973" started-at="2022-10-03T17:06:57 IST" finished-at="2022-10-03T17:07:14 IST">
    <groups>
    </groups>
    <test name="Command line test" duration-ms="16973" started-at="2022-10-03T17:06:57 IST" finished-at="2022-10-03T17:07:14 IST">
      <class name="com.simplilearn.test.NewTest">
        <test-method status="PASS" signature="beforeMethod()[pri:0, instance:com.simplilearn.test.NewTest@a7e666]" name="beforeMethod" is-config="true" duration-ms="3461" started-at="2022-10-03T17:06:57 IST" finished-at="2022-10-03T17:07:00 IST">
          <reporter-output>
          </reporter-output>
        </test-method> <!-- beforeMethod -->
        <test-method status="PASS" signature="oracle()[pri:0, instance:com.simplilearn.test.NewTest@a7e666]" name="oracle" duration-ms="13483" started-at="2022-10-03T17:07:00 IST" finished-at="2022-10-03T17:07:14 IST">
          <reporter-output>
          </reporter-output>
        </test-method> <!-- oracle -->
        <test-method status="PASS" signature="afterMethod()[pri:0, instance:com.simplilearn.test.NewTest@a7e666]" name="afterMethod" is-config="true" duration-ms="0" started-at="2022-10-03T17:07:14 IST" finished-at="2022-10-03T17:07:14 IST">
          <reporter-output>
          </reporter-output>
        </test-method> <!-- afterMethod -->
      </class> <!-- com.simplilearn.test.NewTest -->
    </test> <!-- Command line test -->
  </suite> <!-- com.simplilearn.test.NewTest -->
</testng-results>
