<?xml version="1.0" encoding="UTF-8"?>
<!-- Generated by org.testng.reporters.JUnitXMLReporter -->
<testsuite ignored="0" hostname="LAPTOP-9H2JONG2" failures="0" tests="6" name="Test" time="14.333" errors="0" timestamp="2022-10-01T15:02:08 IST">
  <testcase classname="com.simplilearn.testng.FirstDemo" name="Hello" time="0.006"/>
  <testcase classname="com.simplilearn.testng.FirstDemo" name="Hello1" time="0.002"/>
  <testcase classname="com.simplilearn.testng.AssertionExample" name="TitleTest" time="1.989"/>
  <testcase classname="com.simplilearn.testng.GroupTest" name="launchChrome" time="5.81"/>
  <testcase classname="com.simplilearn.testng.GroupTest" name="loginWithChrome" time="0.304"/>
  <testcase classname="com.simplilearn.testng.FacebookLogin" name="facebook" time="2.225"/>
</testsuite> <!-- Test -->
