<?xml version="1.0" encoding="UTF-8"?>
<testng-results skipped="0" failed="0" ignored="0" total="2" passed="2">
  <reporter-output>
  </reporter-output>
  <suite name="com.simplilearn.testng.GroupTest" duration-ms="7508" started-at="2022-10-02T00:32:56 IST" finished-at="2022-10-02T00:33:03 IST">
    <groups>
      <group name="Chrome">
        <method signature="GroupTest.launchChrome()[pri:0, instance:com.simplilearn.testng.GroupTest@63e2203c]" name="launchChrome" class="com.simplilearn.testng.GroupTest"/>
        <method signature="GroupTest.loginWithChrome()[pri:0, instance:com.simplilearn.testng.GroupTest@63e2203c]" name="loginWithChrome" class="com.simplilearn.testng.GroupTest"/>
      </group> <!-- Chrome -->
    </groups>
    <test name="Command line test" duration-ms="7508" started-at="2022-10-02T00:32:56 IST" finished-at="2022-10-02T00:33:03 IST">
      <class name="com.simplilearn.testng.GroupTest">
        <test-method status="PASS" signature="launchChrome()[pri:0, instance:com.simplilearn.testng.GroupTest@63e2203c]" name="launchChrome" duration-ms="7336" started-at="2022-10-02T00:32:56 IST" finished-at="2022-10-02T00:33:03 IST">
          <reporter-output>
          </reporter-output>
        </test-method> <!-- launchChrome -->
        <test-method status="PASS" signature="loginWithChrome()[pri:0, instance:com.simplilearn.testng.GroupTest@63e2203c]" name="loginWithChrome" duration-ms="138" started-at="2022-10-02T00:33:03 IST" depends-on-methods="com.simplilearn.testng.GroupTest.launchChrome" finished-at="2022-10-02T00:33:03 IST">
          <reporter-output>
          </reporter-output>
        </test-method> <!-- loginWithChrome -->
      </class> <!-- com.simplilearn.testng.GroupTest -->
    </test> <!-- Command line test -->
  </suite> <!-- com.simplilearn.testng.GroupTest -->
</testng-results>
