<?xml version="1.0" encoding="UTF-8"?>
<testng-results ignored="0" total="14" passed="14" failed="0" skipped="0">
  <reporter-output>
  </reporter-output>
  <suite started-at="2022-10-11T21:47:52 IST" name="Suite" finished-at="2022-10-11T21:51:35 IST" duration-ms="223137">
    <groups>
    </groups>
    <test started-at="2022-10-11T21:47:52 IST" name="Test" finished-at="2022-10-11T21:51:35 IST" duration-ms="223137">
      <class name="com.simplilearn.demo.FlipkartTestEdge">
        <test-method is-config="true" signature="beforeClass()[pri:0, instance:com.simplilearn.demo.FlipkartTestEdge@740fb309]" started-at="2022-10-11T21:49:15 IST" name="beforeClass" finished-at="2022-10-11T21:50:57 IST" duration-ms="101081" status="PASS">
          <reporter-output>
          </reporter-output>
        </test-method> <!-- beforeClass -->
        <test-method signature="closeLogin()[pri:1, instance:com.simplilearn.demo.FlipkartTestEdge@740fb309]" started-at="2022-10-11T21:50:57 IST" name="closeLogin" finished-at="2022-10-11T21:50:58 IST" duration-ms="1169" status="PASS">
          <reporter-output>
          </reporter-output>
        </test-method> <!-- closeLogin -->
        <test-method signature="scroll()[pri:2, instance:com.simplilearn.demo.FlipkartTestEdge@740fb309]" started-at="2022-10-11T21:50:58 IST" name="scroll" finished-at="2022-10-11T21:51:04 IST" duration-ms="6105" status="PASS">
          <reporter-output>
          </reporter-output>
        </test-method> <!-- scroll -->
        <test-method signature="searchProduct()[pri:3, instance:com.simplilearn.demo.FlipkartTestEdge@740fb309]" started-at="2022-10-11T21:51:04 IST" name="searchProduct" finished-at="2022-10-11T21:51:09 IST" duration-ms="5499" status="PASS">
          <reporter-output>
          </reporter-output>
        </test-method> <!-- searchProduct -->
        <test-method signature="loadImage()[pri:4, instance:com.simplilearn.demo.FlipkartTestEdge@740fb309]" started-at="2022-10-11T21:51:09 IST" name="loadImage" finished-at="2022-10-11T21:51:25 IST" duration-ms="15980" status="PASS">
          <reporter-output>
          </reporter-output>
        </test-method> <!-- loadImage -->
        <test-method signature="scrollFrequency()[pri:5, instance:com.simplilearn.demo.FlipkartTestEdge@740fb309]" started-at="2022-10-11T21:51:25 IST" name="scrollFrequency" finished-at="2022-10-11T21:51:27 IST" duration-ms="2073" status="PASS">
          <reporter-output>
          </reporter-output>
        </test-method> <!-- scrollFrequency -->
        <test-method signature="downloadImages()[pri:6, instance:com.simplilearn.demo.FlipkartTestEdge@740fb309]" started-at="2022-10-11T21:51:27 IST" name="downloadImages" finished-at="2022-10-11T21:51:27 IST" duration-ms="33" status="PASS">
          <reporter-output>
          </reporter-output>
        </test-method> <!-- downloadImages -->
        <test-method signature="screenResolution()[pri:7, instance:com.simplilearn.demo.FlipkartTestEdge@740fb309]" started-at="2022-10-11T21:51:27 IST" name="screenResolution" finished-at="2022-10-11T21:51:35 IST" duration-ms="7649" status="PASS">
          <reporter-output>
          </reporter-output>
        </test-method> <!-- screenResolution -->
        <test-method is-config="true" signature="afterClass()[pri:0, instance:com.simplilearn.demo.FlipkartTestEdge@740fb309]" started-at="2022-10-11T21:51:35 IST" name="afterClass" finished-at="2022-10-11T21:51:35 IST" duration-ms="0" status="PASS">
          <reporter-output>
          </reporter-output>
        </test-method> <!-- afterClass -->
      </class> <!-- com.simplilearn.demo.FlipkartTestEdge -->
      <class name="com.simplilearn.demo.FlipkartTestChrome">
        <test-method is-config="true" signature="beforeClass()[pri:0, instance:com.simplilearn.demo.FlipkartTestChrome@5965d37]" started-at="2022-10-11T21:47:52 IST" name="beforeClass" finished-at="2022-10-11T21:48:39 IST" duration-ms="46731" status="PASS">
          <reporter-output>
          </reporter-output>
        </test-method> <!-- beforeClass -->
        <test-method signature="closeLogin()[pri:1, instance:com.simplilearn.demo.FlipkartTestChrome@5965d37]" started-at="2022-10-11T21:48:39 IST" name="closeLogin" finished-at="2022-10-11T21:48:40 IST" duration-ms="1180" status="PASS">
          <reporter-output>
          </reporter-output>
        </test-method> <!-- closeLogin -->
        <test-method signature="scroll()[pri:2, instance:com.simplilearn.demo.FlipkartTestChrome@5965d37]" started-at="2022-10-11T21:48:40 IST" name="scroll" finished-at="2022-10-11T21:48:46 IST" duration-ms="6384" status="PASS">
          <reporter-output>
          </reporter-output>
        </test-method> <!-- scroll -->
        <test-method signature="searchProduct()[pri:3, instance:com.simplilearn.demo.FlipkartTestChrome@5965d37]" started-at="2022-10-11T21:48:46 IST" name="searchProduct" finished-at="2022-10-11T21:48:52 IST" duration-ms="5466" status="PASS">
          <reporter-output>
          </reporter-output>
        </test-method> <!-- searchProduct -->
        <test-method signature="loadImage()[pri:4, instance:com.simplilearn.demo.FlipkartTestChrome@5965d37]" started-at="2022-10-11T21:48:52 IST" name="loadImage" finished-at="2022-10-11T21:49:06 IST" duration-ms="13955" status="PASS">
          <reporter-output>
          </reporter-output>
        </test-method> <!-- loadImage -->
        <test-method signature="scrollFrequency()[pri:5, instance:com.simplilearn.demo.FlipkartTestChrome@5965d37]" started-at="2022-10-11T21:49:06 IST" name="scrollFrequency" finished-at="2022-10-11T21:49:08 IST" duration-ms="2080" status="PASS">
          <reporter-output>
          </reporter-output>
        </test-method> <!-- scrollFrequency -->
        <test-method signature="downloadImages()[pri:6, instance:com.simplilearn.demo.FlipkartTestChrome@5965d37]" started-at="2022-10-11T21:49:08 IST" name="downloadImages" finished-at="2022-10-11T21:49:08 IST" duration-ms="35" status="PASS">
          <reporter-output>
          </reporter-output>
        </test-method> <!-- downloadImages -->
        <test-method signature="screenResolution()[pri:7, instance:com.simplilearn.demo.FlipkartTestChrome@5965d37]" started-at="2022-10-11T21:49:08 IST" name="screenResolution" finished-at="2022-10-11T21:49:15 IST" duration-ms="7651" status="PASS">
          <reporter-output>
          </reporter-output>
        </test-method> <!-- screenResolution -->
        <test-method is-config="true" signature="afterClass()[pri:0, instance:com.simplilearn.demo.FlipkartTestChrome@5965d37]" started-at="2022-10-11T21:49:15 IST" name="afterClass" finished-at="2022-10-11T21:49:15 IST" duration-ms="0" status="PASS">
          <reporter-output>
          </reporter-output>
        </test-method> <!-- afterClass -->
      </class> <!-- com.simplilearn.demo.FlipkartTestChrome -->
    </test> <!-- Test -->
  </suite> <!-- Suite -->
</testng-results>
